2023/08/03 08:50:34 [notice] 1#1: using the "epoll" event method
2023/08/03 08:50:34 [notice] 1#1: nginx/1.21.5
2023/08/03 08:50:34 [notice] 1#1: built by gcc 10.3.1 20211027 (Alpine 10.3.1_git20211027) 
2023/08/03 08:50:34 [notice] 1#1: OS: Linux 4.19.76-linuxkit
2023/08/03 08:50:34 [notice] 1#1: getrlimit(RLIMIT_NOFILE): 1048576:1048576
2023/08/03 08:50:34 [notice] 1#1: start worker processes
2023/08/03 08:50:34 [notice] 1#1: start worker process 30
2023/08/03 08:50:34 [notice] 1#1: start worker process 31
2023/08/03 08:51:31 [error] 30#30: *1 FastCGI sent in stderr: "Primary script unknown" while reading response header from upstream, client: 172.24.0.1, server: antdpro.itxiaoma.cn, request: "HEAD / HTTP/1.1", upstream: "fastcgi://172.24.0.3:9000", host: "localhost"
2023/08/03 23:05:16 [notice] 1#1: using the "epoll" event method
2023/08/03 23:05:16 [notice] 1#1: nginx/1.21.5
2023/08/03 23:05:16 [notice] 1#1: built by gcc 10.3.1 20211027 (Alpine 10.3.1_git20211027) 
2023/08/03 23:05:16 [notice] 1#1: OS: Linux 4.19.76-linuxkit
2023/08/03 23:05:16 [notice] 1#1: getrlimit(RLIMIT_NOFILE): 1048576:1048576
2023/08/03 23:05:16 [notice] 1#1: start worker processes
2023/08/03 23:05:16 [notice] 1#1: start worker process 30
2023/08/03 23:05:16 [notice] 1#1: start worker process 31
2023/08/04 01:40:26 [notice] 1#1: signal 3 (SIGQUIT) received, shutting down
2023/08/04 01:40:26 [notice] 31#31: gracefully shutting down
2023/08/04 01:40:26 [notice] 31#31: exiting
2023/08/04 01:40:26 [notice] 30#30: gracefully shutting down
2023/08/04 01:40:26 [notice] 31#31: exit
2023/08/04 01:40:26 [notice] 30#30: exiting
2023/08/04 01:40:26 [notice] 30#30: exit
2023/08/04 01:40:26 [notice] 1#1: signal 17 (SIGCHLD) received from 31
2023/08/04 01:40:26 [notice] 1#1: worker process 31 exited with code 0
2023/08/04 01:40:26 [notice] 1#1: worker process 30 exited with code 0
2023/08/04 01:40:26 [notice] 1#1: exit
2023/08/04 01:41:12 [notice] 1#1: using the "epoll" event method
2023/08/04 01:41:12 [notice] 1#1: nginx/1.21.5
2023/08/04 01:41:12 [notice] 1#1: built by gcc 10.3.1 20211027 (Alpine 10.3.1_git20211027) 
2023/08/04 01:41:12 [notice] 1#1: OS: Linux 4.19.76-linuxkit
2023/08/04 01:41:12 [notice] 1#1: getrlimit(RLIMIT_NOFILE): 1048576:1048576
2023/08/04 01:41:12 [notice] 1#1: start worker processes
2023/08/04 01:41:12 [notice] 1#1: start worker process 30
2023/08/04 01:41:12 [notice] 1#1: start worker process 31
2023/08/04 01:51:04 [notice] 1#1: signal 3 (SIGQUIT) received, shutting down
2023/08/04 01:51:04 [notice] 30#30: gracefully shutting down
2023/08/04 01:51:04 [notice] 31#31: gracefully shutting down
2023/08/04 01:51:04 [notice] 30#30: exiting
2023/08/04 01:51:04 [notice] 31#31: exiting
2023/08/04 01:51:04 [notice] 30#30: exit
2023/08/04 01:51:04 [notice] 31#31: exit
2023/08/04 01:51:04 [notice] 1#1: signal 17 (SIGCHLD) received from 31
2023/08/04 01:51:04 [notice] 1#1: worker process 31 exited with code 0
2023/08/04 01:51:04 [notice] 1#1: worker process 30 exited with code 0
2023/08/04 01:51:04 [notice] 1#1: exit
2023/08/04 01:53:26 [notice] 1#1: using the "epoll" event method
2023/08/04 01:53:26 [notice] 1#1: nginx/1.21.5
2023/08/04 01:53:26 [notice] 1#1: built by gcc 10.3.1 20211027 (Alpine 10.3.1_git20211027) 
2023/08/04 01:53:26 [notice] 1#1: OS: Linux 4.19.76-linuxkit
2023/08/04 01:53:26 [notice] 1#1: getrlimit(RLIMIT_NOFILE): 1048576:1048576
2023/08/04 01:53:26 [notice] 1#1: start worker processes
2023/08/04 01:53:26 [notice] 1#1: start worker process 30
2023/08/04 01:53:26 [notice] 1#1: start worker process 31
2023/08/04 01:55:36 [notice] 1#1: signal 3 (SIGQUIT) received, shutting down
2023/08/04 01:55:36 [notice] 31#31: gracefully shutting down
2023/08/04 01:55:36 [notice] 31#31: exiting
2023/08/04 01:55:36 [notice] 30#30: gracefully shutting down
2023/08/04 01:55:36 [notice] 30#30: exiting
2023/08/04 01:55:36 [notice] 31#31: exit
2023/08/04 01:55:36 [notice] 30#30: exit
2023/08/04 01:55:37 [notice] 1#1: signal 17 (SIGCHLD) received from 30
2023/08/04 01:55:37 [notice] 1#1: worker process 30 exited with code 0
2023/08/04 01:55:37 [notice] 1#1: worker process 31 exited with code 0
2023/08/04 01:55:37 [notice] 1#1: exit
2023/08/04 01:56:48 [notice] 1#1: using the "epoll" event method
2023/08/04 01:56:48 [notice] 1#1: nginx/1.21.5
2023/08/04 01:56:48 [notice] 1#1: built by gcc 10.3.1 20211027 (Alpine 10.3.1_git20211027) 
2023/08/04 01:56:48 [notice] 1#1: OS: Linux 4.19.76-linuxkit
2023/08/04 01:56:48 [notice] 1#1: getrlimit(RLIMIT_NOFILE): 1048576:1048576
2023/08/04 01:56:48 [notice] 1#1: start worker processes
2023/08/04 01:56:48 [notice] 1#1: start worker process 31
2023/08/04 01:56:48 [notice] 1#1: start worker process 32
2023/08/04 04:18:30 [notice] 1#1: signal 3 (SIGQUIT) received, shutting down
2023/08/04 04:18:30 [notice] 32#32: gracefully shutting down
2023/08/04 04:18:30 [notice] 32#32: exiting
2023/08/04 04:18:30 [notice] 31#31: gracefully shutting down
2023/08/04 04:18:30 [notice] 32#32: exit
2023/08/04 04:18:30 [notice] 31#31: exiting
2023/08/04 04:18:30 [notice] 31#31: exit
2023/08/04 04:18:30 [notice] 1#1: signal 17 (SIGCHLD) received from 32
2023/08/04 04:18:30 [notice] 1#1: worker process 32 exited with code 0
2023/08/04 04:18:30 [notice] 1#1: signal 29 (SIGIO) received
2023/08/04 04:18:30 [notice] 1#1: signal 17 (SIGCHLD) received from 31
2023/08/04 04:18:30 [notice] 1#1: worker process 31 exited with code 0
2023/08/04 04:18:30 [notice] 1#1: exit
2023/08/04 04:23:59 [notice] 1#1: using the "epoll" event method
2023/08/04 04:23:59 [notice] 1#1: nginx/1.21.5
2023/08/04 04:23:59 [notice] 1#1: built by gcc 10.3.1 20211027 (Alpine 10.3.1_git20211027) 
2023/08/04 04:23:59 [notice] 1#1: OS: Linux 4.19.76-linuxkit
2023/08/04 04:23:59 [notice] 1#1: getrlimit(RLIMIT_NOFILE): 1048576:1048576
2023/08/04 04:23:59 [notice] 1#1: start worker processes
2023/08/04 04:23:59 [notice] 1#1: start worker process 32
2023/08/04 04:23:59 [notice] 1#1: start worker process 33
2023/08/04 04:27:17 [notice] 1#1: signal 3 (SIGQUIT) received, shutting down
2023/08/04 04:27:17 [notice] 32#32: gracefully shutting down
2023/08/04 04:27:17 [notice] 33#33: gracefully shutting down
2023/08/04 04:27:17 [notice] 33#33: exiting
2023/08/04 04:27:17 [notice] 32#32: exiting
2023/08/04 04:27:17 [notice] 33#33: exit
2023/08/04 04:27:17 [notice] 32#32: exit
2023/08/04 04:27:17 [notice] 1#1: signal 17 (SIGCHLD) received from 33
2023/08/04 04:27:17 [notice] 1#1: worker process 33 exited with code 0
2023/08/04 04:27:17 [notice] 1#1: signal 29 (SIGIO) received
2023/08/04 04:27:17 [notice] 1#1: signal 17 (SIGCHLD) received from 32
2023/08/04 04:27:17 [notice] 1#1: worker process 32 exited with code 0
2023/08/04 04:27:17 [notice] 1#1: exit
2023/08/04 04:29:00 [notice] 1#1: using the "epoll" event method
2023/08/04 04:29:00 [notice] 1#1: nginx/1.21.5
2023/08/04 04:29:00 [notice] 1#1: built by gcc 10.3.1 20211027 (Alpine 10.3.1_git20211027) 
2023/08/04 04:29:00 [notice] 1#1: OS: Linux 4.19.76-linuxkit
2023/08/04 04:29:00 [notice] 1#1: getrlimit(RLIMIT_NOFILE): 1048576:1048576
2023/08/04 04:29:00 [notice] 1#1: start worker processes
2023/08/04 04:29:00 [notice] 1#1: start worker process 30
2023/08/04 04:29:00 [notice] 1#1: start worker process 31
2023/08/04 04:39:16 [notice] 1#1: signal 3 (SIGQUIT) received, shutting down
2023/08/04 04:39:16 [notice] 30#30: gracefully shutting down
2023/08/04 04:39:16 [notice] 31#31: gracefully shutting down
2023/08/04 04:39:16 [notice] 30#30: exiting
2023/08/04 04:39:16 [notice] 31#31: exiting
2023/08/04 04:39:16 [notice] 30#30: exit
2023/08/04 04:39:16 [notice] 31#31: exit
2023/08/04 04:39:16 [notice] 1#1: signal 17 (SIGCHLD) received from 30
2023/08/04 04:39:16 [notice] 1#1: worker process 30 exited with code 0
2023/08/04 04:39:16 [notice] 1#1: worker process 31 exited with code 0
2023/08/04 04:39:16 [notice] 1#1: exit
2023/08/04 04:54:29 [notice] 1#1: using the "epoll" event method
2023/08/04 04:54:29 [notice] 1#1: nginx/1.21.5
2023/08/04 04:54:29 [notice] 1#1: built by gcc 10.3.1 20211027 (Alpine 10.3.1_git20211027) 
2023/08/04 04:54:29 [notice] 1#1: OS: Linux 4.19.76-linuxkit
2023/08/04 04:54:29 [notice] 1#1: getrlimit(RLIMIT_NOFILE): 1048576:1048576
2023/08/04 04:54:29 [notice] 1#1: start worker processes
2023/08/04 04:54:29 [notice] 1#1: start worker process 30
2023/08/04 04:54:29 [notice] 1#1: start worker process 31
2023/08/04 04:55:34 [notice] 1#1: signal 3 (SIGQUIT) received, shutting down
2023/08/04 04:55:35 [notice] 30#30: gracefully shutting down
2023/08/04 04:55:35 [notice] 31#31: gracefully shutting down
2023/08/04 04:55:35 [notice] 30#30: exiting
2023/08/04 04:55:35 [notice] 31#31: exiting
2023/08/04 04:55:35 [notice] 30#30: exit
2023/08/04 04:55:35 [notice] 31#31: exit
2023/08/04 04:55:35 [notice] 1#1: signal 17 (SIGCHLD) received from 30
2023/08/04 04:55:35 [notice] 1#1: worker process 30 exited with code 0
2023/08/04 04:55:35 [notice] 1#1: signal 17 (SIGCHLD) received from 31
2023/08/04 04:55:35 [notice] 1#1: worker process 31 exited with code 0
2023/08/04 04:55:35 [notice] 1#1: exit
2023/08/04 04:57:02 [notice] 1#1: using the "epoll" event method
2023/08/04 04:57:02 [notice] 1#1: nginx/1.21.5
2023/08/04 04:57:02 [notice] 1#1: built by gcc 10.3.1 20211027 (Alpine 10.3.1_git20211027) 
2023/08/04 04:57:02 [notice] 1#1: OS: Linux 4.19.76-linuxkit
2023/08/04 04:57:02 [notice] 1#1: getrlimit(RLIMIT_NOFILE): 1048576:1048576
2023/08/04 04:57:02 [notice] 1#1: start worker processes
2023/08/04 04:57:02 [notice] 1#1: start worker process 30
2023/08/04 04:57:02 [notice] 1#1: start worker process 31
2023/08/04 05:11:44 [notice] 1#1: signal 3 (SIGQUIT) received, shutting down
2023/08/04 05:11:44 [notice] 30#30: gracefully shutting down
2023/08/04 05:11:44 [notice] 31#31: gracefully shutting down
2023/08/04 05:11:44 [notice] 30#30: exiting
2023/08/04 05:11:44 [notice] 31#31: exiting
2023/08/04 05:11:44 [notice] 30#30: exit
2023/08/04 05:11:44 [notice] 31#31: exit
2023/08/04 05:11:44 [notice] 1#1: signal 17 (SIGCHLD) received from 30
2023/08/04 05:11:44 [notice] 1#1: worker process 30 exited with code 0
2023/08/04 05:11:44 [notice] 1#1: worker process 31 exited with code 0
2023/08/04 05:11:44 [notice] 1#1: exit
2023/08/04 05:13:22 [notice] 1#1: using the "epoll" event method
2023/08/04 05:13:22 [notice] 1#1: nginx/1.21.5
2023/08/04 05:13:22 [notice] 1#1: built by gcc 10.3.1 20211027 (Alpine 10.3.1_git20211027) 
2023/08/04 05:13:22 [notice] 1#1: OS: Linux 4.19.76-linuxkit
2023/08/04 05:13:22 [notice] 1#1: getrlimit(RLIMIT_NOFILE): 1048576:1048576
2023/08/04 05:13:22 [notice] 1#1: start worker processes
2023/08/04 05:13:22 [notice] 1#1: start worker process 30
2023/08/04 05:13:22 [notice] 1#1: start worker process 31
2023/08/04 22:54:07 [notice] 1#1: using the "epoll" event method
2023/08/04 22:54:07 [notice] 1#1: nginx/1.21.5
2023/08/04 22:54:07 [notice] 1#1: built by gcc 10.3.1 20211027 (Alpine 10.3.1_git20211027) 
2023/08/04 22:54:07 [notice] 1#1: OS: Linux 4.19.76-linuxkit
2023/08/04 22:54:07 [notice] 1#1: getrlimit(RLIMIT_NOFILE): 1048576:1048576
2023/08/04 22:54:07 [notice] 1#1: start worker processes
2023/08/04 22:54:07 [notice] 1#1: start worker process 30
2023/08/04 22:54:07 [notice] 1#1: start worker process 31
2023/08/06 00:17:22 [notice] 1#1: using the "epoll" event method
2023/08/06 00:17:22 [notice] 1#1: nginx/1.21.5
2023/08/06 00:17:22 [notice] 1#1: built by gcc 10.3.1 20211027 (Alpine 10.3.1_git20211027) 
2023/08/06 00:17:22 [notice] 1#1: OS: Linux 4.19.76-linuxkit
2023/08/06 00:17:22 [notice] 1#1: getrlimit(RLIMIT_NOFILE): 1048576:1048576
2023/08/06 00:17:22 [notice] 1#1: start worker processes
2023/08/06 00:17:22 [notice] 1#1: start worker process 30
2023/08/06 00:17:22 [notice] 1#1: start worker process 31
2023/08/06 00:36:47 [error] 30#30: *1 FastCGI sent in stderr: "Primary script unknown" while reading response header from upstream, client: 172.31.0.1, server: antdpro.itxiaoma.cn, request: "HEAD / HTTP/1.1", upstream: "fastcgi://172.31.0.3:9000", host: "localhost"
2023/08/06 00:36:48 [error] 30#30: *1 FastCGI sent in stderr: "Primary script unknown" while reading response header from upstream, client: 172.31.0.1, server: antdpro.itxiaoma.cn, request: "HEAD / HTTP/1.1", upstream: "fastcgi://172.31.0.3:9000", host: "localhost"
2023/08/06 00:37:07 [notice] 1#1: signal 3 (SIGQUIT) received, shutting down
2023/08/06 00:37:07 [notice] 30#30: gracefully shutting down
2023/08/06 00:37:07 [notice] 31#31: gracefully shutting down
2023/08/06 00:37:07 [notice] 30#30: exiting
2023/08/06 00:37:07 [notice] 31#31: exiting
2023/08/06 00:37:07 [notice] 30#30: exit
2023/08/06 00:37:07 [notice] 31#31: exit
2023/08/06 00:37:07 [notice] 1#1: signal 17 (SIGCHLD) received from 30
2023/08/06 00:37:07 [notice] 1#1: worker process 30 exited with code 0
2023/08/06 00:37:07 [notice] 1#1: worker process 31 exited with code 0
2023/08/06 00:37:07 [notice] 1#1: exit
2023/08/06 00:37:55 [notice] 1#1: using the "epoll" event method
2023/08/06 00:37:55 [notice] 1#1: nginx/1.21.5
2023/08/06 00:37:55 [notice] 1#1: built by gcc 10.3.1 20211027 (Alpine 10.3.1_git20211027) 
2023/08/06 00:37:55 [notice] 1#1: OS: Linux 4.19.76-linuxkit
2023/08/06 00:37:55 [notice] 1#1: getrlimit(RLIMIT_NOFILE): 1048576:1048576
2023/08/06 00:37:55 [notice] 1#1: start worker processes
2023/08/06 00:37:55 [notice] 1#1: start worker process 31
2023/08/06 00:37:55 [notice] 1#1: start worker process 32
2023/08/06 00:43:01 [error] 31#31: *1 "/etc/nginx/html/index.html" is not found (2: No such file or directory), client: 172.19.0.1, server: antdpro.itxiaoma.cn, request: "HEAD / HTTP/1.1", host: "localhost"
2023/08/06 00:43:14 [error] 31#31: *2 recv() failed (104: Connection reset by peer) while reading response header from upstream, client: 172.19.0.1, server: antdpro.itxiaoma.cn, request: "POST /api/users/login HTTP/1.1", upstream: "http://172.19.0.3:9000/api/users/login", host: "localhost"
2023/08/06 00:53:12 [notice] 1#1: signal 3 (SIGQUIT) received, shutting down
2023/08/06 00:53:12 [notice] 31#31: gracefully shutting down
2023/08/06 00:53:12 [notice] 32#32: gracefully shutting down
2023/08/06 00:53:12 [notice] 31#31: exiting
2023/08/06 00:53:12 [notice] 32#32: exiting
2023/08/06 00:53:12 [notice] 31#31: exit
2023/08/06 00:53:12 [notice] 32#32: exit
2023/08/06 00:53:12 [notice] 1#1: signal 17 (SIGCHLD) received from 31
2023/08/06 00:53:12 [notice] 1#1: worker process 31 exited with code 0
2023/08/06 00:53:12 [notice] 1#1: signal 29 (SIGIO) received
2023/08/06 00:53:12 [notice] 1#1: signal 17 (SIGCHLD) received from 32
2023/08/06 00:53:12 [notice] 1#1: worker process 32 exited with code 0
2023/08/06 00:53:12 [notice] 1#1: exit
2023/08/06 00:53:26 [notice] 1#1: using the "epoll" event method
2023/08/06 00:53:26 [notice] 1#1: nginx/1.21.5
2023/08/06 00:53:26 [notice] 1#1: built by gcc 10.3.1 20211027 (Alpine 10.3.1_git20211027) 
2023/08/06 00:53:26 [notice] 1#1: OS: Linux 4.19.76-linuxkit
2023/08/06 00:53:26 [notice] 1#1: getrlimit(RLIMIT_NOFILE): 1048576:1048576
2023/08/06 00:53:26 [notice] 1#1: start worker processes
2023/08/06 00:53:26 [notice] 1#1: start worker process 30
2023/08/06 00:53:26 [notice] 1#1: start worker process 31
2023/08/06 01:04:11 [notice] 1#1: signal 3 (SIGQUIT) received, shutting down
2023/08/06 01:04:11 [notice] 31#31: gracefully shutting down
2023/08/06 01:04:11 [notice] 30#30: gracefully shutting down
2023/08/06 01:04:11 [notice] 31#31: exiting
2023/08/06 01:04:11 [notice] 30#30: exiting
2023/08/06 01:04:11 [notice] 31#31: exit
2023/08/06 01:04:11 [notice] 30#30: exit
2023/08/06 01:04:11 [notice] 1#1: signal 17 (SIGCHLD) received from 30
2023/08/06 01:04:11 [notice] 1#1: worker process 30 exited with code 0
2023/08/06 01:04:11 [notice] 1#1: signal 29 (SIGIO) received
2023/08/06 01:04:11 [notice] 1#1: signal 17 (SIGCHLD) received from 31
2023/08/06 01:04:11 [notice] 1#1: worker process 31 exited with code 0
2023/08/06 01:04:11 [notice] 1#1: exit
2023/08/06 01:04:26 [emerg] 1#1: no "ssl_certificate" is defined for the "listen ... ssl" directive in /etc/nginx/conf.d/default.conf:1
2023/08/06 01:04:40 [emerg] 1#1: no "ssl_certificate" is defined for the "listen ... ssl" directive in /etc/nginx/conf.d/default.conf:1
2023/08/06 01:04:55 [emerg] 1#1: no "ssl_certificate" is defined for the "listen ... ssl" directive in /etc/nginx/conf.d/default.conf:1
2023/08/06 01:05:10 [emerg] 1#1: no "ssl_certificate" is defined for the "listen ... ssl" directive in /etc/nginx/conf.d/default.conf:1
2023/08/06 01:05:25 [emerg] 1#1: no "ssl_certificate" is defined for the "listen ... ssl" directive in /etc/nginx/conf.d/default.conf:1
2023/08/06 01:05:53 [emerg] 1#1: no "ssl_certificate" is defined for the "listen ... ssl" directive in /etc/nginx/conf.d/default.conf:1
2023/08/06 01:06:18 [emerg] 1#1: no "ssl_certificate" is defined for the "listen ... ssl" directive in /etc/nginx/conf.d/default.conf:1
2023/08/06 01:06:33 [emerg] 1#1: no "ssl_certificate" is defined for the "listen ... ssl" directive in /etc/nginx/conf.d/default.conf:1
2023/08/06 01:06:56 [emerg] 1#1: no "ssl_certificate" is defined for the "listen ... ssl" directive in /etc/nginx/conf.d/default.conf:1
2023/08/06 01:07:31 [emerg] 1#1: no "ssl_certificate" is defined for the "listen ... ssl" directive in /etc/nginx/conf.d/default.conf:1
2023/08/06 01:08:33 [emerg] 1#1: no "ssl_certificate" is defined for the "listen ... ssl" directive in /etc/nginx/conf.d/default.conf:1
2023/08/06 01:09:42 [emerg] 1#1: no "ssl_certificate" is defined for the "listen ... ssl" directive in /etc/nginx/conf.d/default.conf:1
2023/08/06 01:10:53 [emerg] 1#1: no "ssl_certificate" is defined for the "listen ... ssl" directive in /etc/nginx/conf.d/default.conf:1
2023/08/06 01:12:01 [notice] 1#1: using the "epoll" event method
2023/08/06 01:12:01 [notice] 1#1: nginx/1.21.5
2023/08/06 01:12:01 [notice] 1#1: built by gcc 10.3.1 20211027 (Alpine 10.3.1_git20211027) 
2023/08/06 01:12:01 [notice] 1#1: OS: Linux 4.19.76-linuxkit
2023/08/06 01:12:01 [notice] 1#1: getrlimit(RLIMIT_NOFILE): 1048576:1048576
2023/08/06 01:12:01 [notice] 1#1: start worker processes
2023/08/06 01:12:01 [notice] 1#1: start worker process 30
2023/08/06 01:12:01 [notice] 1#1: start worker process 31
2023/08/06 02:30:24 [notice] 1#1: signal 3 (SIGQUIT) received, shutting down
2023/08/06 02:30:24 [notice] 30#30: gracefully shutting down
2023/08/06 02:30:24 [notice] 31#31: gracefully shutting down
2023/08/06 02:30:24 [notice] 30#30: exiting
2023/08/06 02:30:24 [notice] 31#31: exiting
2023/08/06 02:30:24 [notice] 30#30: exit
2023/08/06 02:30:24 [notice] 31#31: exit
2023/08/06 02:30:24 [notice] 1#1: signal 17 (SIGCHLD) received from 30
2023/08/06 02:30:24 [notice] 1#1: worker process 30 exited with code 0
2023/08/06 02:30:24 [notice] 1#1: worker process 31 exited with code 0
2023/08/06 02:30:24 [notice] 1#1: exit
